deified can be rearranged to form 6 distinct palindrome(s).
Do geese see God? can be rearranged to form 360 distinct palindrome(s).
Was it a car or a cat I saw? can be rearranged to form 60480 distinct palindrome(s).
Rats live on no evil star can be rearranged to form 3628800 distinct palindrome(s).
Live on time, emit no evil can be rearranged to form 907200 distinct palindrome(s).
Step on no pets can be rearranged to form 720 distinct palindrome(s).
Don't nod. can be rearranged to form 6 distinct palindrome(s).
Evil olive. can be rearranged to form 24 distinct palindrome(s).
Amore, Roma. can be rearranged to form 24 distinct palindrome(s).
Yo, banana boy! can be rearranged to form 120 distinct palindrome(s).
Dammit, I'm mad! can be rearranged to form 60 distinct palindrome(s).
Borrow or rob? can be rearranged to form 30 distinct palindrome(s).
I did, did I? can be rearranged to form 6 distinct palindrome(s).
Draw, O coward! can be rearranged to form 120 distinct palindrome(s).
Wonton? Not now! can be rearranged to form 180 distinct palindrome(s).
Never odd or even. can be rearranged to form 2520 distinct palindrome(s).
Step on no pets. can be rearranged to form 720 distinct palindrome(s).
Live not on evil. can be rearranged to form 720 distinct palindrome(s).
Rise to vote, sir! can be rearranged to form 720 distinct palindrome(s).
Stella won no wallets. can be rearranged to form 181440 distinct palindrome(s).
Won't lovers revolt now? can be rearranged to form 181440 distinct palindrome(s).
Delia saw I was ailed. can be rearranged to form 20160 distinct palindrome(s).
Too bad I hid a boot. can be rearranged to form 2520 distinct palindrome(s).
Red rum, sir, is murder. can be rearranged to form 20160 distinct palindrome(s).
Nate bit a Tibetan. can be rearranged to form 2520 distinct palindrome(s).
Ah. Satan sees Natasha. can be rearranged to form 30240 distinct palindrome(s).
Nat bit a Tibetan. can not be rearranged to form a palindrome.
Step on no pe. can not be rearranged to form a palindrome.
112233445566778899aabbccdde can be rearranged to form 6227020800 distinct palindrome(s).
